<?xml version="1.0" encoding="UTF-8"?>
<!-- Generated by org.testng.reporters.JUnitXMLReporter -->
<testsuite ignored="0" hostname="DEMONKING" failures="0" tests="20" name="Default test" time="2.913" errors="0" timestamp="2022-05-23T16:00:38 IST">
  <testcase classname="testng.DPTestClass" name="testCase" time="0.028"/>
  <testcase classname="testng.DPTestClass" name="testCase" time="0.007"/>
  <testcase classname="testng.DPTestClass" name="testCase" time="0.009"/>
  <testcase classname="testng.DPTestClass" name="testCase" time="0.008"/>
  <testcase classname="testng.DPTestClass" name="testCase" time="0.015"/>
  <testcase classname="testng.DPTestClass" name="testCase" time="0.01"/>
  <testcase classname="testng.DPTestClass" name="testCase" time="0.007"/>
  <testcase classname="testng.DPTestClass" name="testCase" time="0.008"/>
  <testcase classname="testng.DPTestClass" name="testCase" time="0.014"/>
  <testcase classname="testng.DPTestClass" name="testCase" time="0.012"/>
  <testcase classname="testng.DPTestClass" name="testCase" time="0.002"/>
  <testcase classname="testng.DPTestClass" name="testCase" time="0.012"/>
  <testcase classname="testng.DPTestClass" name="testCase" time="0.005"/>
  <testcase classname="testng.DPTestClass" name="testCase" time="0.002"/>
  <testcase classname="testng.DPTestClass" name="testCase" time="0.001"/>
  <testcase classname="testng.DPTestClass" name="testCase" time="0.006"/>
  <testcase classname="testng.DPTestClass" name="testCase" time="0.004"/>
  <testcase classname="testng.DPTestClass" name="testCase" time="0.002"/>
  <testcase classname="testng.DPTestClass" name="testCase" time="0.005"/>
  <testcase classname="testng.DPTestClass" name="testCase" time="0.002"/>
</testsuite> <!-- Default test -->
