<?xml version="1.0" encoding="UTF-8"?>
<!-- Generated by org.testng.reporters.JUnitXMLReporter -->
<testsuite ignored="0" hostname="DEMONKING" failures="1" tests="4" name="Zeroda Test-NG" time="0.183" errors="0" timestamp="2022-05-04T15:28:40 IST">
  <testcase classname="testng.ListenerClassTestNG" name="login" time="0.02"/>
  <testcase classname="testng.ListenerClassTestNG" name="dashboard" time="0.004"/>
  <testcase classname="testng.ListenerClassTestNG" name="home" time="0.015">
    <failure type="java.lang.AssertionError" message="Test Case Failed Please Log the Defect!!!!! expected [true] but found [false]">
      <![CDATA[java.lang.AssertionError: Test Case Failed Please Log the Defect!!!!! expected [true] but found [false]
at testng.ListenerClassTestNG.home(ListenerClassTestNG.java:25)
at java.base/java.util.ArrayList.forEach(ArrayList.java:1511)
... Removed 30 stack frames]]>
    </failure>
  </testcase> <!-- home -->
  <testcase classname="testng.ListenerClassTestNG" name="logout" time="0.0">
    <skipped/>
  </testcase> <!-- logout -->
</testsuite> <!-- Zeroda Test-NG -->
